<?xml version="1.0" encoding="UTF-8"?>
<!-- Generated by org.testng.reporters.JUnitReportReporter -->
<testsuite hostname="DESKTOP-GHO9U30" failures="0" tests="1" name="Scenario_component.Cart_rediff" time="10.856" errors="0" timestamp="2022-07-09T02:18:19 CEST" skipped="0">
  <testcase classname="Scenario_component.Cart_rediff" name="cart" time="10.856"/>
  <system-out/>
</testsuite> <!-- Scenario_component.Cart_rediff -->
