<?xml version="1.0" encoding="UTF-8"?>
<!-- Generated by org.testng.reporters.JUnitReportReporter -->
<testsuite hostname="DESKTOP-GHO9U30" failures="0" tests="6" name="Day08.driver_dataProvider" time="0.009" errors="0" timestamp="2022-05-05T20:02:05 IST" skipped="0">
  <testcase classname="Day08.driver_dataProvider" name="add" time="0.001"/>
  <system-out/>
  <testcase classname="Day08.driver_dataProvider" name="add" time="0.005"/>
  <system-out/>
  <testcase classname="Day08.driver_dataProvider" name="add" time="0.001"/>
  <system-out/>
  <testcase classname="Day08.driver_dataProvider" name="add" time="0.000"/>
  <system-out/>
  <testcase classname="Day08.driver_dataProvider" name="add" time="0.001"/>
  <system-out/>
  <testcase classname="Day08.driver_dataProvider" name="add" time="0.001"/>
  <system-out/>
</testsuite> <!-- Day08.driver_dataProvider -->
