<?xml version="1.0" encoding="UTF-8"?>
<!-- Generated by org.testng.reporters.JUnitReportReporter -->
<testsuite hostname="DESKTOP-GHO9U30" failures="0" tests="1" name="Scenario_component.Search_rediff" time="4.332" errors="0" timestamp="2022-05-13T13:59:23 IST" skipped="0">
  <testcase classname="Scenario_component.Search_rediff" name="test_ValidSearch" time="4.332"/>
  <system-out/>
</testsuite> <!-- Scenario_component.Search_rediff -->
