<?xml version="1.0" encoding="UTF-8"?>
<!-- Generated by org.testng.reporters.JUnitReportReporter -->
<testsuite hostname="DESKTOP-GHO9U30" failures="0" tests="1" name="Scenario_component.Search_rediff" time="5.504" errors="0" timestamp="2022-05-15T15:37:44 IST" skipped="0">
  <testcase classname="Scenario_component.Search_rediff" name="test_ValidSearch" time="5.504"/>
  <system-out/>
</testsuite> <!-- Scenario_component.Search_rediff -->
