<?xml version="1.0" encoding="UTF-8"?>
<!-- Generated by org.testng.reporters.JUnitReportReporter -->
<testsuite hostname="DESKTOP-GHO9U30" failures="0" tests="1" name="Scenario_component.Login_rediff" time="5.060" errors="0" timestamp="2022-07-10T00:34:40 CEST" skipped="0">
  <testcase classname="Scenario_component.Login_rediff" name="test_Invalid_login" time="5.060"/>
  <system-out/>
</testsuite> <!-- Scenario_component.Login_rediff -->
